E:\JAVAWORK\TQANDROID\TQ_JINHUA\TQJINHUA\LIBS\LUA\PROJ.WIN32\DEBUG.WIN32\LOBJECT.OBJ
E:\JAVAWORK\TQANDROID\TQ_JINHUA\TQJINHUA\LIBS\LUA\PROJ.WIN32\DEBUG.WIN32\LOPCODES.OBJ
E:\JAVAWORK\TQANDROID\TQ_JINHUA\TQJINHUA\LIBS\LUA\PROJ.WIN32\DEBUG.WIN32\LOSLIB.OBJ
E:\JAVAWORK\TQANDROID\TQ_JINHUA\TQJINHUA\LIBS\LUA\PROJ.WIN32\DEBUG.WIN32\LPARSER.OBJ
E:\JAVAWORK\TQANDROID\TQ_JINHUA\TQJINHUA\LIBS\LUA\PROJ.WIN32\DEBUG.WIN32\LSTATE.OBJ
E:\JAVAWORK\TQANDROID\TQ_JINHUA\TQJINHUA\LIBS\LUA\PROJ.WIN32\DEBUG.WIN32\LSTRING.OBJ
E:\JAVAWORK\TQANDROID\TQ_JINHUA\TQJINHUA\LIBS\LUA\PROJ.WIN32\DEBUG.WIN32\LSTRLIB.OBJ
E:\JAVAWORK\TQANDROID\TQ_JINHUA\TQJINHUA\LIBS\LUA\PROJ.WIN32\DEBUG.WIN32\LTABLE.OBJ
E:\JAVAWORK\TQANDROID\TQ_JINHUA\TQJINHUA\LIBS\LUA\PROJ.WIN32\DEBUG.WIN32\LTABLIB.OBJ
E:\JAVAWORK\TQANDROID\TQ_JINHUA\TQJINHUA\LIBS\LUA\PROJ.WIN32\DEBUG.WIN32\LTM.OBJ
E:\JAVAWORK\TQANDROID\TQ_JINHUA\TQJINHUA\LIBS\LUA\PROJ.WIN32\DEBUG.WIN32\LUA.OBJ
E:\JAVAWORK\TQANDROID\TQ_JINHUA\TQJINHUA\LIBS\LUA\PROJ.WIN32\DEBUG.WIN32\LUNDUMP.OBJ
E:\JAVAWORK\TQANDROID\TQ_JINHUA\TQJINHUA\LIBS\LUA\PROJ.WIN32\DEBUG.WIN32\LVM.OBJ
E:\JAVAWORK\TQANDROID\TQ_JINHUA\TQJINHUA\LIBS\LUA\PROJ.WIN32\DEBUG.WIN32\LZIO.OBJ
E:\JAVAWORK\TQANDROID\TQ_JINHUA\TQJINHUA\LIBS\LUA\PROJ.WIN32\DEBUG.WIN32\PRINT.OBJ
E:\JAVAWORK\TQANDROID\TQ_JINHUA\TQJINHUA\LIBS\LUA\PROJ.WIN32\DEBUG.WIN32\TOLUA_EVENT.OBJ
E:\JAVAWORK\TQANDROID\TQ_JINHUA\TQJINHUA\LIBS\LUA\PROJ.WIN32\DEBUG.WIN32\TOLUA_IS.OBJ
E:\JAVAWORK\TQANDROID\TQ_JINHUA\TQJINHUA\LIBS\LUA\PROJ.WIN32\DEBUG.WIN32\TOLUA_MAP.OBJ
E:\JAVAWORK\TQANDROID\TQ_JINHUA\TQJINHUA\LIBS\LUA\PROJ.WIN32\DEBUG.WIN32\TOLUA_PUSH.OBJ
E:\JAVAWORK\TQANDROID\TQ_JINHUA\TQJINHUA\LIBS\LUA\PROJ.WIN32\DEBUG.WIN32\TOLUA_TO.OBJ
E:\JAVAWORK\TQANDROID\TQ_JINHUA\TQJINHUA\LIBS\LUA\PROJ.WIN32\DEBUG.WIN32\LAPI.OBJ
E:\JAVAWORK\TQANDROID\TQ_JINHUA\TQJINHUA\LIBS\LUA\PROJ.WIN32\DEBUG.WIN32\LAUXLIB.OBJ
E:\JAVAWORK\TQANDROID\TQ_JINHUA\TQJINHUA\LIBS\LUA\PROJ.WIN32\DEBUG.WIN32\LBASELIB.OBJ
E:\JAVAWORK\TQANDROID\TQ_JINHUA\TQJINHUA\LIBS\LUA\PROJ.WIN32\DEBUG.WIN32\LCODE.OBJ
E:\JAVAWORK\TQANDROID\TQ_JINHUA\TQJINHUA\LIBS\LUA\PROJ.WIN32\DEBUG.WIN32\LDBLIB.OBJ
E:\JAVAWORK\TQANDROID\TQ_JINHUA\TQJINHUA\LIBS\LUA\PROJ.WIN32\DEBUG.WIN32\LDEBUG.OBJ
E:\JAVAWORK\TQANDROID\TQ_JINHUA\TQJINHUA\LIBS\LUA\PROJ.WIN32\DEBUG.WIN32\LDO.OBJ
E:\JAVAWORK\TQANDROID\TQ_JINHUA\TQJINHUA\LIBS\LUA\PROJ.WIN32\DEBUG.WIN32\LDUMP.OBJ
E:\JAVAWORK\TQANDROID\TQ_JINHUA\TQJINHUA\LIBS\LUA\PROJ.WIN32\DEBUG.WIN32\LFUNC.OBJ
E:\JAVAWORK\TQANDROID\TQ_JINHUA\TQJINHUA\LIBS\LUA\PROJ.WIN32\DEBUG.WIN32\LGC.OBJ
E:\JAVAWORK\TQANDROID\TQ_JINHUA\TQJINHUA\LIBS\LUA\PROJ.WIN32\DEBUG.WIN32\LINIT.OBJ
E:\JAVAWORK\TQANDROID\TQ_JINHUA\TQJINHUA\LIBS\LUA\PROJ.WIN32\DEBUG.WIN32\LIOLIB.OBJ
E:\JAVAWORK\TQANDROID\TQ_JINHUA\TQJINHUA\LIBS\LUA\PROJ.WIN32\DEBUG.WIN32\LLEX.OBJ
E:\JAVAWORK\TQANDROID\TQ_JINHUA\TQJINHUA\LIBS\LUA\PROJ.WIN32\DEBUG.WIN32\LMATHLIB.OBJ
E:\JAVAWORK\TQANDROID\TQ_JINHUA\TQJINHUA\LIBS\LUA\PROJ.WIN32\DEBUG.WIN32\LMEM.OBJ
E:\JAVAWORK\TQANDROID\TQ_JINHUA\TQJINHUA\LIBS\LUA\PROJ.WIN32\DEBUG.WIN32\LOADLIB.OBJ
E:\JAVAWORK\TQANDROID\TQ_JINHUA\TQJINHUA\LIBS\LUA\PROJ.WIN32\DEBUG.WIN32\VC110.PDB
E:\JAVAWORK\TQANDROID\TQ_JINHUA\TQJINHUA\PROJECT\PROJ.WIN32\DEBUG.WIN32\LIBLUA.LIB
E:\javawork\TqAndroid\TQ_JINHUA\TqJinhua\libs\lua\proj.win32\Debug.win32\lapi.obj
E:\javawork\TqAndroid\TQ_JINHUA\TqJinhua\libs\lua\proj.win32\Debug.win32\lauxlib.obj
E:\javawork\TqAndroid\TQ_JINHUA\TqJinhua\libs\lua\proj.win32\Debug.win32\lbaselib.obj
E:\javawork\TqAndroid\TQ_JINHUA\TqJinhua\libs\lua\proj.win32\Debug.win32\lcode.obj
E:\javawork\TqAndroid\TQ_JINHUA\TqJinhua\libs\lua\proj.win32\Debug.win32\ldblib.obj
E:\javawork\TqAndroid\TQ_JINHUA\TqJinhua\libs\lua\proj.win32\Debug.win32\ldebug.obj
E:\javawork\TqAndroid\TQ_JINHUA\TqJinhua\libs\lua\proj.win32\Debug.win32\ldo.obj
E:\javawork\TqAndroid\TQ_JINHUA\TqJinhua\libs\lua\proj.win32\Debug.win32\ldump.obj
E:\javawork\TqAndroid\TQ_JINHUA\TqJinhua\libs\lua\proj.win32\Debug.win32\lfunc.obj
E:\javawork\TqAndroid\TQ_JINHUA\TqJinhua\libs\lua\proj.win32\Debug.win32\lgc.obj
E:\javawork\TqAndroid\TQ_JINHUA\TqJinhua\libs\lua\proj.win32\Debug.win32\linit.obj
E:\javawork\TqAndroid\TQ_JINHUA\TqJinhua\libs\lua\proj.win32\Debug.win32\liolib.obj
E:\javawork\TqAndroid\TQ_JINHUA\TqJinhua\libs\lua\proj.win32\Debug.win32\llex.obj
E:\javawork\TqAndroid\TQ_JINHUA\TqJinhua\libs\lua\proj.win32\Debug.win32\lmathlib.obj
E:\javawork\TqAndroid\TQ_JINHUA\TqJinhua\libs\lua\proj.win32\Debug.win32\lmem.obj
E:\javawork\TqAndroid\TQ_JINHUA\TqJinhua\libs\lua\proj.win32\Debug.win32\loadlib.obj
E:\javawork\TqAndroid\TQ_JINHUA\TqJinhua\libs\lua\proj.win32\Debug.win32\lobject.obj
E:\javawork\TqAndroid\TQ_JINHUA\TqJinhua\libs\lua\proj.win32\Debug.win32\lopcodes.obj
E:\javawork\TqAndroid\TQ_JINHUA\TqJinhua\libs\lua\proj.win32\Debug.win32\loslib.obj
E:\javawork\TqAndroid\TQ_JINHUA\TqJinhua\libs\lua\proj.win32\Debug.win32\lparser.obj
E:\javawork\TqAndroid\TQ_JINHUA\TqJinhua\libs\lua\proj.win32\Debug.win32\lstate.obj
E:\javawork\TqAndroid\TQ_JINHUA\TqJinhua\libs\lua\proj.win32\Debug.win32\lstring.obj
E:\javawork\TqAndroid\TQ_JINHUA\TqJinhua\libs\lua\proj.win32\Debug.win32\lstrlib.obj
E:\javawork\TqAndroid\TQ_JINHUA\TqJinhua\libs\lua\proj.win32\Debug.win32\ltable.obj
E:\javawork\TqAndroid\TQ_JINHUA\TqJinhua\libs\lua\proj.win32\Debug.win32\ltablib.obj
E:\javawork\TqAndroid\TQ_JINHUA\TqJinhua\libs\lua\proj.win32\Debug.win32\ltm.obj
E:\javawork\TqAndroid\TQ_JINHUA\TqJinhua\libs\lua\proj.win32\Debug.win32\lua.obj
E:\javawork\TqAndroid\TQ_JINHUA\TqJinhua\libs\lua\proj.win32\Debug.win32\lundump.obj
E:\javawork\TqAndroid\TQ_JINHUA\TqJinhua\libs\lua\proj.win32\Debug.win32\lvm.obj
E:\javawork\TqAndroid\TQ_JINHUA\TqJinhua\libs\lua\proj.win32\Debug.win32\lzio.obj
E:\javawork\TqAndroid\TQ_JINHUA\TqJinhua\libs\lua\proj.win32\Debug.win32\print.obj
E:\javawork\TqAndroid\TQ_JINHUA\TqJinhua\libs\lua\proj.win32\Debug.win32\tolua_event.obj
E:\javawork\TqAndroid\TQ_JINHUA\TqJinhua\libs\lua\proj.win32\Debug.win32\tolua_is.obj
E:\javawork\TqAndroid\TQ_JINHUA\TqJinhua\libs\lua\proj.win32\Debug.win32\tolua_map.obj
E:\javawork\TqAndroid\TQ_JINHUA\TqJinhua\libs\lua\proj.win32\Debug.win32\tolua_push.obj
E:\javawork\TqAndroid\TQ_JINHUA\TqJinhua\libs\lua\proj.win32\Debug.win32\tolua_to.obj
E:\javawork\TqAndroid\TQ_JINHUA\TqJinhua\libs\lua\proj.win32\Debug.win32\cl.command.1.tlog
E:\javawork\TqAndroid\TQ_JINHUA\TqJinhua\libs\lua\proj.win32\Debug.win32\CL.read.1.tlog
E:\javawork\TqAndroid\TQ_JINHUA\TqJinhua\libs\lua\proj.win32\Debug.win32\CL.write.1.tlog
E:\javawork\TqAndroid\TQ_JINHUA\TqJinhua\libs\lua\proj.win32\Debug.win32\Lib-link.read.1.tlog
E:\javawork\TqAndroid\TQ_JINHUA\TqJinhua\libs\lua\proj.win32\Debug.win32\Lib-link.write.1.tlog
E:\javawork\TqAndroid\TQ_JINHUA\TqJinhua\libs\lua\proj.win32\Debug.win32\lib.command.1.tlog
E:\javawork\TqAndroid\TQ_JINHUA\TqJinhua\libs\lua\proj.win32\Debug.win32\vc110.idb
E:\javawork\TqAndroid\TQ_JINHUA\TqJinhua\libs\lua\proj.win32\Debug.win32\vc110.pdb
E:\javawork\TqAndroid\TQ_JINHUA\TqJinhua\project\proj.win32\Debug.win32\liblua.lib
