E:\JAVAWORK\TQANDROID\TQ_JINHUA\TQJINHUA\LIBS\COCOSDENSHION\PROJ.WIN32\DEBUG.WIN32\MCIPLAYER.OBJ
E:\JAVAWORK\TQANDROID\TQ_JINHUA\TQJINHUA\LIBS\COCOSDENSHION\PROJ.WIN32\DEBUG.WIN32\SIMPLEAUDIOENGINE.OBJ
E:\JAVAWORK\TQANDROID\TQ_JINHUA\TQJINHUA\LIBS\COCOSDENSHION\PROJ.WIN32\DEBUG.WIN32\VC110.PDB
E:\javawork\TqAndroid\TQ_JINHUA\TqJinhua\project\proj.win32\Debug.win32\libCocosDenshion.lib
E:\javawork\TqAndroid\TQ_JINHUA\TqJinhua\project\proj.win32\Debug.win32\libCocosDenshion.exp
E:\JAVAWORK\TQANDROID\TQ_JINHUA\TQJINHUA\PROJECT\PROJ.WIN32\DEBUG.WIN32\LIBCOCOSDENSHION.DLL
E:\JAVAWORK\TQANDROID\TQ_JINHUA\TQJINHUA\PROJECT\PROJ.WIN32\DEBUG.WIN32\LIBCOCOSDENSHION.PDB
E:\javawork\TqAndroid\TQ_JINHUA\TqJinhua\libs\CocosDenshion\proj.win32\Debug.win32\MciPlayer.obj
E:\javawork\TqAndroid\TQ_JINHUA\TqJinhua\libs\CocosDenshion\proj.win32\Debug.win32\SimpleAudioEngine.obj
E:\javawork\TqAndroid\TQ_JINHUA\TqJinhua\libs\CocosDenshion\proj.win32\Debug.win32\cl.command.1.tlog
E:\javawork\TqAndroid\TQ_JINHUA\TqJinhua\libs\CocosDenshion\proj.win32\Debug.win32\CL.read.1.tlog
E:\javawork\TqAndroid\TQ_JINHUA\TqJinhua\libs\CocosDenshion\proj.win32\Debug.win32\CL.write.1.tlog
E:\javawork\TqAndroid\TQ_JINHUA\TqJinhua\libs\CocosDenshion\proj.win32\Debug.win32\libCocosDenshion.write.1.tlog
E:\javawork\TqAndroid\TQ_JINHUA\TqJinhua\libs\CocosDenshion\proj.win32\Debug.win32\link-cvtres.read.1.tlog
E:\javawork\TqAndroid\TQ_JINHUA\TqJinhua\libs\CocosDenshion\proj.win32\Debug.win32\link-cvtres.write.1.tlog
E:\javawork\TqAndroid\TQ_JINHUA\TqJinhua\libs\CocosDenshion\proj.win32\Debug.win32\link-rc.read.1.tlog
E:\javawork\TqAndroid\TQ_JINHUA\TqJinhua\libs\CocosDenshion\proj.win32\Debug.win32\link-rc.write.1.tlog
E:\javawork\TqAndroid\TQ_JINHUA\TqJinhua\libs\CocosDenshion\proj.win32\Debug.win32\link.command.1.tlog
E:\javawork\TqAndroid\TQ_JINHUA\TqJinhua\libs\CocosDenshion\proj.win32\Debug.win32\link.read.1.tlog
E:\javawork\TqAndroid\TQ_JINHUA\TqJinhua\libs\CocosDenshion\proj.win32\Debug.win32\link.write.1.tlog
E:\javawork\TqAndroid\TQ_JINHUA\TqJinhua\libs\CocosDenshion\proj.win32\Debug.win32\vc110.idb
E:\javawork\TqAndroid\TQ_JINHUA\TqJinhua\libs\CocosDenshion\proj.win32\Debug.win32\vc110.pdb
E:\javawork\TqAndroid\TQ_JINHUA\TqJinhua\project\proj.win32\Debug.win32\libCocosDenshion.dll
