E:\JAVAWORK\TQANDROID\TQ_JINHUA\TQJINHUA\LIBS\EXTENSIONS\PROJ.WIN32\DEBUG.WIN32\ANIMATIONSTATEDATA.OBJ
E:\JAVAWORK\TQANDROID\TQ_JINHUA\TQJINHUA\LIBS\EXTENSIONS\PROJ.WIN32\DEBUG.WIN32\ATLAS.OBJ
E:\JAVAWORK\TQANDROID\TQ_JINHUA\TQJINHUA\LIBS\EXTENSIONS\PROJ.WIN32\DEBUG.WIN32\ATLASATTACHMENTLOADER.OBJ
E:\JAVAWORK\TQANDROID\TQ_JINHUA\TQJINHUA\LIBS\EXTENSIONS\PROJ.WIN32\DEBUG.WIN32\ATTACHMENT.OBJ
E:\JAVAWORK\TQANDROID\TQ_JINHUA\TQJINHUA\LIBS\EXTENSIONS\PROJ.WIN32\DEBUG.WIN32\ATTACHMENTLOADER.OBJ
E:\JAVAWORK\TQANDROID\TQ_JINHUA\TQJINHUA\LIBS\EXTENSIONS\PROJ.WIN32\DEBUG.WIN32\BONE.OBJ
E:\JAVAWORK\TQANDROID\TQ_JINHUA\TQJINHUA\LIBS\EXTENSIONS\PROJ.WIN32\DEBUG.WIN32\BONEDATA.OBJ
E:\JAVAWORK\TQANDROID\TQ_JINHUA\TQJINHUA\LIBS\EXTENSIONS\PROJ.WIN32\DEBUG.WIN32\CCSKELETON.OBJ
E:\JAVAWORK\TQANDROID\TQ_JINHUA\TQJINHUA\LIBS\EXTENSIONS\PROJ.WIN32\DEBUG.WIN32\CCSKELETONANIMATION.OBJ
E:\JAVAWORK\TQANDROID\TQ_JINHUA\TQJINHUA\LIBS\EXTENSIONS\PROJ.WIN32\DEBUG.WIN32\EXTENSION.OBJ
E:\JAVAWORK\TQANDROID\TQ_JINHUA\TQJINHUA\LIBS\EXTENSIONS\PROJ.WIN32\DEBUG.WIN32\JSON.OBJ
E:\JAVAWORK\TQANDROID\TQ_JINHUA\TQJINHUA\LIBS\EXTENSIONS\PROJ.WIN32\DEBUG.WIN32\REGIONATTACHMENT.OBJ
E:\JAVAWORK\TQANDROID\TQ_JINHUA\TQJINHUA\LIBS\EXTENSIONS\PROJ.WIN32\DEBUG.WIN32\SKELETON.OBJ
E:\JAVAWORK\TQANDROID\TQ_JINHUA\TQJINHUA\LIBS\EXTENSIONS\PROJ.WIN32\DEBUG.WIN32\SKELETONDATA.OBJ
E:\JAVAWORK\TQANDROID\TQ_JINHUA\TQJINHUA\LIBS\EXTENSIONS\PROJ.WIN32\DEBUG.WIN32\SKELETONJSON.OBJ
E:\JAVAWORK\TQANDROID\TQ_JINHUA\TQJINHUA\LIBS\EXTENSIONS\PROJ.WIN32\DEBUG.WIN32\SKIN.OBJ
E:\JAVAWORK\TQANDROID\TQ_JINHUA\TQJINHUA\LIBS\EXTENSIONS\PROJ.WIN32\DEBUG.WIN32\SLOT.OBJ
E:\JAVAWORK\TQANDROID\TQ_JINHUA\TQJINHUA\LIBS\EXTENSIONS\PROJ.WIN32\DEBUG.WIN32\SLOTDATA.OBJ
E:\JAVAWORK\TQANDROID\TQ_JINHUA\TQJINHUA\LIBS\EXTENSIONS\PROJ.WIN32\DEBUG.WIN32\SPINE-COCOS2DX.OBJ
E:\JAVAWORK\TQANDROID\TQ_JINHUA\TQJINHUA\LIBS\EXTENSIONS\PROJ.WIN32\DEBUG.WIN32\WIN32INPUTBOX.OBJ
E:\JAVAWORK\TQANDROID\TQ_JINHUA\TQJINHUA\LIBS\EXTENSIONS\PROJ.WIN32\DEBUG.WIN32\CCCONTROLSATURATIONBRIGHTNESSPICKER.OBJ
E:\JAVAWORK\TQANDROID\TQ_JINHUA\TQJINHUA\LIBS\EXTENSIONS\PROJ.WIN32\DEBUG.WIN32\CCCONTROLSLIDER.OBJ
E:\JAVAWORK\TQANDROID\TQ_JINHUA\TQJINHUA\LIBS\EXTENSIONS\PROJ.WIN32\DEBUG.WIN32\CCCONTROLSTEPPER.OBJ
E:\JAVAWORK\TQANDROID\TQ_JINHUA\TQJINHUA\LIBS\EXTENSIONS\PROJ.WIN32\DEBUG.WIN32\CCCONTROLSWITCH.OBJ
E:\JAVAWORK\TQANDROID\TQ_JINHUA\TQJINHUA\LIBS\EXTENSIONS\PROJ.WIN32\DEBUG.WIN32\CCCONTROLUTILS.OBJ
E:\JAVAWORK\TQANDROID\TQ_JINHUA\TQJINHUA\LIBS\EXTENSIONS\PROJ.WIN32\DEBUG.WIN32\CCINVOCATION.OBJ
E:\JAVAWORK\TQANDROID\TQ_JINHUA\TQJINHUA\LIBS\EXTENSIONS\PROJ.WIN32\DEBUG.WIN32\CCSCALE9SPRITE.OBJ
E:\JAVAWORK\TQANDROID\TQ_JINHUA\TQJINHUA\LIBS\EXTENSIONS\PROJ.WIN32\DEBUG.WIN32\CCEDITBOX.OBJ
E:\JAVAWORK\TQANDROID\TQ_JINHUA\TQJINHUA\LIBS\EXTENSIONS\PROJ.WIN32\DEBUG.WIN32\CCEDITBOXIMPLWIN.OBJ
E:\JAVAWORK\TQANDROID\TQ_JINHUA\TQJINHUA\LIBS\EXTENSIONS\PROJ.WIN32\DEBUG.WIN32\CCSCROLLVIEW.OBJ
E:\JAVAWORK\TQANDROID\TQ_JINHUA\TQJINHUA\LIBS\EXTENSIONS\PROJ.WIN32\DEBUG.WIN32\CCSORTING.OBJ
E:\JAVAWORK\TQANDROID\TQ_JINHUA\TQJINHUA\LIBS\EXTENSIONS\PROJ.WIN32\DEBUG.WIN32\CCTABLEVIEW.OBJ
E:\JAVAWORK\TQANDROID\TQ_JINHUA\TQJINHUA\LIBS\EXTENSIONS\PROJ.WIN32\DEBUG.WIN32\CCTABLEVIEWCELL.OBJ
E:\JAVAWORK\TQANDROID\TQ_JINHUA\TQJINHUA\LIBS\EXTENSIONS\PROJ.WIN32\DEBUG.WIN32\CCPHYSICSDEBUGNODE.OBJ
E:\JAVAWORK\TQANDROID\TQ_JINHUA\TQJINHUA\LIBS\EXTENSIONS\PROJ.WIN32\DEBUG.WIN32\CCPHYSICSSPRITE.OBJ
E:\JAVAWORK\TQANDROID\TQ_JINHUA\TQJINHUA\LIBS\EXTENSIONS\PROJ.WIN32\DEBUG.WIN32\ANIMATION.OBJ
E:\JAVAWORK\TQANDROID\TQ_JINHUA\TQJINHUA\LIBS\EXTENSIONS\PROJ.WIN32\DEBUG.WIN32\ANIMATIONSTATE.OBJ
E:\JAVAWORK\TQANDROID\TQ_JINHUA\TQJINHUA\LIBS\EXTENSIONS\PROJ.WIN32\DEBUG.WIN32\UIIMAGEVIEW.OBJ
E:\JAVAWORK\TQANDROID\TQ_JINHUA\TQJINHUA\LIBS\EXTENSIONS\PROJ.WIN32\DEBUG.WIN32\UILABEL.OBJ
E:\JAVAWORK\TQANDROID\TQ_JINHUA\TQJINHUA\LIBS\EXTENSIONS\PROJ.WIN32\DEBUG.WIN32\UILABELATLAS.OBJ
E:\JAVAWORK\TQANDROID\TQ_JINHUA\TQJINHUA\LIBS\EXTENSIONS\PROJ.WIN32\DEBUG.WIN32\UILABELBMFONT.OBJ
E:\JAVAWORK\TQANDROID\TQ_JINHUA\TQJINHUA\LIBS\EXTENSIONS\PROJ.WIN32\DEBUG.WIN32\UILOADINGBAR.OBJ
E:\JAVAWORK\TQANDROID\TQ_JINHUA\TQJINHUA\LIBS\EXTENSIONS\PROJ.WIN32\DEBUG.WIN32\UISLIDER.OBJ
E:\JAVAWORK\TQANDROID\TQ_JINHUA\TQJINHUA\LIBS\EXTENSIONS\PROJ.WIN32\DEBUG.WIN32\UISWITCH.OBJ
E:\JAVAWORK\TQANDROID\TQ_JINHUA\TQJINHUA\LIBS\EXTENSIONS\PROJ.WIN32\DEBUG.WIN32\UITEXTFIELD.OBJ
E:\JAVAWORK\TQANDROID\TQ_JINHUA\TQJINHUA\LIBS\EXTENSIONS\PROJ.WIN32\DEBUG.WIN32\CSCONTENTJSONDICTIONARY.OBJ
E:\JAVAWORK\TQANDROID\TQ_JINHUA\TQJINHUA\LIBS\EXTENSIONS\PROJ.WIN32\DEBUG.WIN32\DICTIONARYHELPER.OBJ
E:\JAVAWORK\TQANDROID\TQ_JINHUA\TQJINHUA\LIBS\EXTENSIONS\PROJ.WIN32\DEBUG.WIN32\JSON_READER.OBJ
E:\JAVAWORK\TQANDROID\TQ_JINHUA\TQJINHUA\LIBS\EXTENSIONS\PROJ.WIN32\DEBUG.WIN32\JSON_VALUE.OBJ
E:\JAVAWORK\TQANDROID\TQ_JINHUA\TQJINHUA\LIBS\EXTENSIONS\PROJ.WIN32\DEBUG.WIN32\JSON_WRITER.OBJ
E:\JAVAWORK\TQANDROID\TQ_JINHUA\TQJINHUA\LIBS\EXTENSIONS\PROJ.WIN32\DEBUG.WIN32\GUIREADER.OBJ
E:\JAVAWORK\TQANDROID\TQ_JINHUA\TQJINHUA\LIBS\EXTENSIONS\PROJ.WIN32\DEBUG.WIN32\SCENEREADER.OBJ
E:\JAVAWORK\TQANDROID\TQ_JINHUA\TQJINHUA\LIBS\EXTENSIONS\PROJ.WIN32\DEBUG.WIN32\CCCONTROL.OBJ
E:\JAVAWORK\TQANDROID\TQ_JINHUA\TQJINHUA\LIBS\EXTENSIONS\PROJ.WIN32\DEBUG.WIN32\CCCONTROLBUTTON.OBJ
E:\JAVAWORK\TQANDROID\TQ_JINHUA\TQJINHUA\LIBS\EXTENSIONS\PROJ.WIN32\DEBUG.WIN32\CCCONTROLCOLOURPICKER.OBJ
E:\JAVAWORK\TQANDROID\TQ_JINHUA\TQJINHUA\LIBS\EXTENSIONS\PROJ.WIN32\DEBUG.WIN32\CCCONTROLHUEPICKER.OBJ
E:\JAVAWORK\TQANDROID\TQ_JINHUA\TQJINHUA\LIBS\EXTENSIONS\PROJ.WIN32\DEBUG.WIN32\CCCONTROLPOTENTIOMETER.OBJ
E:\JAVAWORK\TQANDROID\TQ_JINHUA\TQJINHUA\LIBS\EXTENSIONS\PROJ.WIN32\DEBUG.WIN32\CCCOMATTRIBUTE.OBJ
E:\JAVAWORK\TQANDROID\TQ_JINHUA\TQJINHUA\LIBS\EXTENSIONS\PROJ.WIN32\DEBUG.WIN32\CCCOMAUDIO.OBJ
E:\JAVAWORK\TQANDROID\TQ_JINHUA\TQJINHUA\LIBS\EXTENSIONS\PROJ.WIN32\DEBUG.WIN32\CCCOMCONTROLLER.OBJ
E:\JAVAWORK\TQANDROID\TQ_JINHUA\TQJINHUA\LIBS\EXTENSIONS\PROJ.WIN32\DEBUG.WIN32\CCCOMRENDER.OBJ
E:\JAVAWORK\TQANDROID\TQ_JINHUA\TQJINHUA\LIBS\EXTENSIONS\PROJ.WIN32\DEBUG.WIN32\CCINPUTDELEGATE.OBJ
E:\JAVAWORK\TQANDROID\TQ_JINHUA\TQJINHUA\LIBS\EXTENSIONS\PROJ.WIN32\DEBUG.WIN32\UIROOTWIDGET.OBJ
E:\JAVAWORK\TQANDROID\TQ_JINHUA\TQJINHUA\LIBS\EXTENSIONS\PROJ.WIN32\DEBUG.WIN32\UIWIDGET.OBJ
E:\JAVAWORK\TQANDROID\TQ_JINHUA\TQJINHUA\LIBS\EXTENSIONS\PROJ.WIN32\DEBUG.WIN32\UILAYOUT.OBJ
E:\JAVAWORK\TQANDROID\TQ_JINHUA\TQJINHUA\LIBS\EXTENSIONS\PROJ.WIN32\DEBUG.WIN32\UILAYOUTDEFINE.OBJ
E:\JAVAWORK\TQANDROID\TQ_JINHUA\TQJINHUA\LIBS\EXTENSIONS\PROJ.WIN32\DEBUG.WIN32\UILAYOUTPARAMETER.OBJ
E:\JAVAWORK\TQANDROID\TQ_JINHUA\TQJINHUA\LIBS\EXTENSIONS\PROJ.WIN32\DEBUG.WIN32\COCOSGUI.OBJ
E:\JAVAWORK\TQANDROID\TQ_JINHUA\TQJINHUA\LIBS\EXTENSIONS\PROJ.WIN32\DEBUG.WIN32\UIHELPER.OBJ
E:\JAVAWORK\TQANDROID\TQ_JINHUA\TQJINHUA\LIBS\EXTENSIONS\PROJ.WIN32\DEBUG.WIN32\UIINPUTMANAGER.OBJ
E:\JAVAWORK\TQANDROID\TQ_JINHUA\TQJINHUA\LIBS\EXTENSIONS\PROJ.WIN32\DEBUG.WIN32\UILAYER.OBJ
E:\JAVAWORK\TQANDROID\TQ_JINHUA\TQJINHUA\LIBS\EXTENSIONS\PROJ.WIN32\DEBUG.WIN32\UILISTVIEW.OBJ
E:\JAVAWORK\TQANDROID\TQ_JINHUA\TQJINHUA\LIBS\EXTENSIONS\PROJ.WIN32\DEBUG.WIN32\UILISTVIEWEX.OBJ
E:\JAVAWORK\TQANDROID\TQ_JINHUA\TQJINHUA\LIBS\EXTENSIONS\PROJ.WIN32\DEBUG.WIN32\UIPAGEVIEW.OBJ
E:\JAVAWORK\TQANDROID\TQ_JINHUA\TQJINHUA\LIBS\EXTENSIONS\PROJ.WIN32\DEBUG.WIN32\UISCROLLVIEW.OBJ
E:\JAVAWORK\TQANDROID\TQ_JINHUA\TQJINHUA\LIBS\EXTENSIONS\PROJ.WIN32\DEBUG.WIN32\UIBUTTON.OBJ
E:\JAVAWORK\TQANDROID\TQ_JINHUA\TQJINHUA\LIBS\EXTENSIONS\PROJ.WIN32\DEBUG.WIN32\UICHECKBOX.OBJ
E:\JAVAWORK\TQANDROID\TQ_JINHUA\TQJINHUA\LIBS\EXTENSIONS\PROJ.WIN32\DEBUG.WIN32\CCACTIONOBJECT.OBJ
E:\JAVAWORK\TQANDROID\TQ_JINHUA\TQJINHUA\LIBS\EXTENSIONS\PROJ.WIN32\DEBUG.WIN32\CCARMATUREANIMATION.OBJ
E:\JAVAWORK\TQANDROID\TQ_JINHUA\TQJINHUA\LIBS\EXTENSIONS\PROJ.WIN32\DEBUG.WIN32\CCPROCESSBASE.OBJ
E:\JAVAWORK\TQANDROID\TQ_JINHUA\TQJINHUA\LIBS\EXTENSIONS\PROJ.WIN32\DEBUG.WIN32\CCTWEEN.OBJ
E:\JAVAWORK\TQANDROID\TQ_JINHUA\TQJINHUA\LIBS\EXTENSIONS\PROJ.WIN32\DEBUG.WIN32\CCARMATURE.OBJ
E:\JAVAWORK\TQANDROID\TQ_JINHUA\TQJINHUA\LIBS\EXTENSIONS\PROJ.WIN32\DEBUG.WIN32\CCBONE.OBJ
E:\JAVAWORK\TQANDROID\TQ_JINHUA\TQJINHUA\LIBS\EXTENSIONS\PROJ.WIN32\DEBUG.WIN32\CCDATAS.OBJ
E:\JAVAWORK\TQANDROID\TQ_JINHUA\TQJINHUA\LIBS\EXTENSIONS\PROJ.WIN32\DEBUG.WIN32\CCBATCHNODE.OBJ
E:\JAVAWORK\TQANDROID\TQ_JINHUA\TQJINHUA\LIBS\EXTENSIONS\PROJ.WIN32\DEBUG.WIN32\CCDECORATIVEDISPLAY.OBJ
E:\JAVAWORK\TQANDROID\TQ_JINHUA\TQJINHUA\LIBS\EXTENSIONS\PROJ.WIN32\DEBUG.WIN32\CCDISPLAYFACTORY.OBJ
E:\JAVAWORK\TQANDROID\TQ_JINHUA\TQJINHUA\LIBS\EXTENSIONS\PROJ.WIN32\DEBUG.WIN32\CCDISPLAYMANAGER.OBJ
E:\JAVAWORK\TQANDROID\TQ_JINHUA\TQJINHUA\LIBS\EXTENSIONS\PROJ.WIN32\DEBUG.WIN32\CCSKIN.OBJ
E:\JAVAWORK\TQANDROID\TQ_JINHUA\TQJINHUA\LIBS\EXTENSIONS\PROJ.WIN32\DEBUG.WIN32\CCCOLLIDERDETECTOR.OBJ
E:\JAVAWORK\TQANDROID\TQ_JINHUA\TQJINHUA\LIBS\EXTENSIONS\PROJ.WIN32\DEBUG.WIN32\CCARMATUREDATAMANAGER.OBJ
E:\JAVAWORK\TQANDROID\TQ_JINHUA\TQJINHUA\LIBS\EXTENSIONS\PROJ.WIN32\DEBUG.WIN32\CCARMATUREDEFINE.OBJ
E:\JAVAWORK\TQANDROID\TQ_JINHUA\TQJINHUA\LIBS\EXTENSIONS\PROJ.WIN32\DEBUG.WIN32\CCDATAREADERHELPER.OBJ
E:\JAVAWORK\TQANDROID\TQ_JINHUA\TQJINHUA\LIBS\EXTENSIONS\PROJ.WIN32\DEBUG.WIN32\CCSPRITEFRAMECACHEHELPER.OBJ
E:\JAVAWORK\TQANDROID\TQ_JINHUA\TQJINHUA\LIBS\EXTENSIONS\PROJ.WIN32\DEBUG.WIN32\CCTRANSFORMHELP.OBJ
E:\JAVAWORK\TQANDROID\TQ_JINHUA\TQJINHUA\LIBS\EXTENSIONS\PROJ.WIN32\DEBUG.WIN32\CCTWEENFUNCTION.OBJ
E:\JAVAWORK\TQANDROID\TQ_JINHUA\TQJINHUA\LIBS\EXTENSIONS\PROJ.WIN32\DEBUG.WIN32\CCUTILMATH.OBJ
E:\JAVAWORK\TQANDROID\TQ_JINHUA\TQJINHUA\LIBS\EXTENSIONS\PROJ.WIN32\DEBUG.WIN32\CCACTIONFRAME.OBJ
E:\JAVAWORK\TQANDROID\TQ_JINHUA\TQJINHUA\LIBS\EXTENSIONS\PROJ.WIN32\DEBUG.WIN32\CCACTIONFRAMEEASING.OBJ
E:\JAVAWORK\TQANDROID\TQ_JINHUA\TQJINHUA\LIBS\EXTENSIONS\PROJ.WIN32\DEBUG.WIN32\CCACTIONMANAGER.OBJ
E:\JAVAWORK\TQANDROID\TQ_JINHUA\TQJINHUA\LIBS\EXTENSIONS\PROJ.WIN32\DEBUG.WIN32\CCACTIONNODE.OBJ
E:\JAVAWORK\TQANDROID\TQ_JINHUA\TQJINHUA\LIBS\EXTENSIONS\PROJ.WIN32\DEBUG.WIN32\VC110.PDB
E:\JAVAWORK\TQANDROID\TQ_JINHUA\TQJINHUA\PROJECT\PROJ.WIN32\DEBUG.WIN32\LIBEXTENSIONS.LIB
E:\javawork\TqAndroid\TQ_JINHUA\TqJinhua\libs\extensions\proj.win32\Debug.win32\Animation.obj
E:\javawork\TqAndroid\TQ_JINHUA\TqJinhua\libs\extensions\proj.win32\Debug.win32\AnimationState.obj
E:\javawork\TqAndroid\TQ_JINHUA\TqJinhua\libs\extensions\proj.win32\Debug.win32\AnimationStateData.obj
E:\javawork\TqAndroid\TQ_JINHUA\TqJinhua\libs\extensions\proj.win32\Debug.win32\Atlas.obj
E:\javawork\TqAndroid\TQ_JINHUA\TqJinhua\libs\extensions\proj.win32\Debug.win32\AtlasAttachmentLoader.obj
E:\javawork\TqAndroid\TQ_JINHUA\TqJinhua\libs\extensions\proj.win32\Debug.win32\Attachment.obj
E:\javawork\TqAndroid\TQ_JINHUA\TqJinhua\libs\extensions\proj.win32\Debug.win32\AttachmentLoader.obj
E:\javawork\TqAndroid\TQ_JINHUA\TqJinhua\libs\extensions\proj.win32\Debug.win32\Bone.obj
E:\javawork\TqAndroid\TQ_JINHUA\TqJinhua\libs\extensions\proj.win32\Debug.win32\BoneData.obj
E:\javawork\TqAndroid\TQ_JINHUA\TqJinhua\libs\extensions\proj.win32\Debug.win32\CCActionFrame.obj
E:\javawork\TqAndroid\TQ_JINHUA\TqJinhua\libs\extensions\proj.win32\Debug.win32\CCActionFrameEasing.obj
E:\javawork\TqAndroid\TQ_JINHUA\TqJinhua\libs\extensions\proj.win32\Debug.win32\CCActionManager.obj
E:\javawork\TqAndroid\TQ_JINHUA\TqJinhua\libs\extensions\proj.win32\Debug.win32\CCActionNode.obj
E:\javawork\TqAndroid\TQ_JINHUA\TqJinhua\libs\extensions\proj.win32\Debug.win32\CCActionObject.obj
E:\javawork\TqAndroid\TQ_JINHUA\TqJinhua\libs\extensions\proj.win32\Debug.win32\CCArmature.obj
E:\javawork\TqAndroid\TQ_JINHUA\TqJinhua\libs\extensions\proj.win32\Debug.win32\CCArmatureAnimation.obj
E:\javawork\TqAndroid\TQ_JINHUA\TqJinhua\libs\extensions\proj.win32\Debug.win32\CCArmatureDataManager.obj
E:\javawork\TqAndroid\TQ_JINHUA\TqJinhua\libs\extensions\proj.win32\Debug.win32\CCArmatureDefine.obj
E:\javawork\TqAndroid\TQ_JINHUA\TqJinhua\libs\extensions\proj.win32\Debug.win32\CCBatchNode.obj
E:\javawork\TqAndroid\TQ_JINHUA\TqJinhua\libs\extensions\proj.win32\Debug.win32\CCBone.obj
E:\javawork\TqAndroid\TQ_JINHUA\TqJinhua\libs\extensions\proj.win32\Debug.win32\CCColliderDetector.obj
E:\javawork\TqAndroid\TQ_JINHUA\TqJinhua\libs\extensions\proj.win32\Debug.win32\CCComAttribute.obj
E:\javawork\TqAndroid\TQ_JINHUA\TqJinhua\libs\extensions\proj.win32\Debug.win32\CCComAudio.obj
E:\javawork\TqAndroid\TQ_JINHUA\TqJinhua\libs\extensions\proj.win32\Debug.win32\CCComController.obj
E:\javawork\TqAndroid\TQ_JINHUA\TqJinhua\libs\extensions\proj.win32\Debug.win32\CCComRender.obj
E:\javawork\TqAndroid\TQ_JINHUA\TqJinhua\libs\extensions\proj.win32\Debug.win32\CCControl.obj
E:\javawork\TqAndroid\TQ_JINHUA\TqJinhua\libs\extensions\proj.win32\Debug.win32\CCControlButton.obj
E:\javawork\TqAndroid\TQ_JINHUA\TqJinhua\libs\extensions\proj.win32\Debug.win32\CCControlColourPicker.obj
E:\javawork\TqAndroid\TQ_JINHUA\TqJinhua\libs\extensions\proj.win32\Debug.win32\CCControlHuePicker.obj
E:\javawork\TqAndroid\TQ_JINHUA\TqJinhua\libs\extensions\proj.win32\Debug.win32\CCControlPotentiometer.obj
E:\javawork\TqAndroid\TQ_JINHUA\TqJinhua\libs\extensions\proj.win32\Debug.win32\CCControlSaturationBrightnessPicker.obj
E:\javawork\TqAndroid\TQ_JINHUA\TqJinhua\libs\extensions\proj.win32\Debug.win32\CCControlSlider.obj
E:\javawork\TqAndroid\TQ_JINHUA\TqJinhua\libs\extensions\proj.win32\Debug.win32\CCControlStepper.obj
E:\javawork\TqAndroid\TQ_JINHUA\TqJinhua\libs\extensions\proj.win32\Debug.win32\CCControlSwitch.obj
E:\javawork\TqAndroid\TQ_JINHUA\TqJinhua\libs\extensions\proj.win32\Debug.win32\CCControlUtils.obj
E:\javawork\TqAndroid\TQ_JINHUA\TqJinhua\libs\extensions\proj.win32\Debug.win32\CCDataReaderHelper.obj
E:\javawork\TqAndroid\TQ_JINHUA\TqJinhua\libs\extensions\proj.win32\Debug.win32\CCDatas.obj
E:\javawork\TqAndroid\TQ_JINHUA\TqJinhua\libs\extensions\proj.win32\Debug.win32\CCDecorativeDisplay.obj
E:\javawork\TqAndroid\TQ_JINHUA\TqJinhua\libs\extensions\proj.win32\Debug.win32\CCDisplayFactory.obj
E:\javawork\TqAndroid\TQ_JINHUA\TqJinhua\libs\extensions\proj.win32\Debug.win32\CCDisplayManager.obj
E:\javawork\TqAndroid\TQ_JINHUA\TqJinhua\libs\extensions\proj.win32\Debug.win32\CCEditBox.obj
E:\javawork\TqAndroid\TQ_JINHUA\TqJinhua\libs\extensions\proj.win32\Debug.win32\CCEditBoxImplWin.obj
E:\javawork\TqAndroid\TQ_JINHUA\TqJinhua\libs\extensions\proj.win32\Debug.win32\CCInputDelegate.obj
E:\javawork\TqAndroid\TQ_JINHUA\TqJinhua\libs\extensions\proj.win32\Debug.win32\CCInvocation.obj
E:\javawork\TqAndroid\TQ_JINHUA\TqJinhua\libs\extensions\proj.win32\Debug.win32\CCPhysicsDebugNode.obj
E:\javawork\TqAndroid\TQ_JINHUA\TqJinhua\libs\extensions\proj.win32\Debug.win32\CCPhysicsSprite.obj
E:\javawork\TqAndroid\TQ_JINHUA\TqJinhua\libs\extensions\proj.win32\Debug.win32\CCProcessBase.obj
E:\javawork\TqAndroid\TQ_JINHUA\TqJinhua\libs\extensions\proj.win32\Debug.win32\CCScale9Sprite.obj
E:\javawork\TqAndroid\TQ_JINHUA\TqJinhua\libs\extensions\proj.win32\Debug.win32\CCScrollView.obj
E:\javawork\TqAndroid\TQ_JINHUA\TqJinhua\libs\extensions\proj.win32\Debug.win32\CCSkeleton.obj
E:\javawork\TqAndroid\TQ_JINHUA\TqJinhua\libs\extensions\proj.win32\Debug.win32\CCSkeletonAnimation.obj
E:\javawork\TqAndroid\TQ_JINHUA\TqJinhua\libs\extensions\proj.win32\Debug.win32\CCSkin.obj
E:\javawork\TqAndroid\TQ_JINHUA\TqJinhua\libs\extensions\proj.win32\Debug.win32\CCSorting.obj
E:\javawork\TqAndroid\TQ_JINHUA\TqJinhua\libs\extensions\proj.win32\Debug.win32\CCSpriteFrameCacheHelper.obj
E:\javawork\TqAndroid\TQ_JINHUA\TqJinhua\libs\extensions\proj.win32\Debug.win32\CCTableView.obj
E:\javawork\TqAndroid\TQ_JINHUA\TqJinhua\libs\extensions\proj.win32\Debug.win32\CCTableViewCell.obj
E:\javawork\TqAndroid\TQ_JINHUA\TqJinhua\libs\extensions\proj.win32\Debug.win32\CCTransformHelp.obj
E:\javawork\TqAndroid\TQ_JINHUA\TqJinhua\libs\extensions\proj.win32\Debug.win32\CCTween.obj
E:\javawork\TqAndroid\TQ_JINHUA\TqJinhua\libs\extensions\proj.win32\Debug.win32\CCTweenFunction.obj
E:\javawork\TqAndroid\TQ_JINHUA\TqJinhua\libs\extensions\proj.win32\Debug.win32\CCUtilMath.obj
E:\javawork\TqAndroid\TQ_JINHUA\TqJinhua\libs\extensions\proj.win32\Debug.win32\CocosGUI.obj
E:\javawork\TqAndroid\TQ_JINHUA\TqJinhua\libs\extensions\proj.win32\Debug.win32\CSContentJsonDictionary.obj
E:\javawork\TqAndroid\TQ_JINHUA\TqJinhua\libs\extensions\proj.win32\Debug.win32\DictionaryHelper.obj
E:\javawork\TqAndroid\TQ_JINHUA\TqJinhua\libs\extensions\proj.win32\Debug.win32\extension.obj
E:\javawork\TqAndroid\TQ_JINHUA\TqJinhua\libs\extensions\proj.win32\Debug.win32\GUIReader.obj
E:\javawork\TqAndroid\TQ_JINHUA\TqJinhua\libs\extensions\proj.win32\Debug.win32\Json.obj
E:\javawork\TqAndroid\TQ_JINHUA\TqJinhua\libs\extensions\proj.win32\Debug.win32\json_reader.obj
E:\javawork\TqAndroid\TQ_JINHUA\TqJinhua\libs\extensions\proj.win32\Debug.win32\json_value.obj
E:\javawork\TqAndroid\TQ_JINHUA\TqJinhua\libs\extensions\proj.win32\Debug.win32\json_writer.obj
E:\javawork\TqAndroid\TQ_JINHUA\TqJinhua\libs\extensions\proj.win32\Debug.win32\RegionAttachment.obj
E:\javawork\TqAndroid\TQ_JINHUA\TqJinhua\libs\extensions\proj.win32\Debug.win32\SceneReader.obj
E:\javawork\TqAndroid\TQ_JINHUA\TqJinhua\libs\extensions\proj.win32\Debug.win32\Skeleton.obj
E:\javawork\TqAndroid\TQ_JINHUA\TqJinhua\libs\extensions\proj.win32\Debug.win32\SkeletonData.obj
E:\javawork\TqAndroid\TQ_JINHUA\TqJinhua\libs\extensions\proj.win32\Debug.win32\SkeletonJson.obj
E:\javawork\TqAndroid\TQ_JINHUA\TqJinhua\libs\extensions\proj.win32\Debug.win32\Skin.obj
E:\javawork\TqAndroid\TQ_JINHUA\TqJinhua\libs\extensions\proj.win32\Debug.win32\Slot.obj
E:\javawork\TqAndroid\TQ_JINHUA\TqJinhua\libs\extensions\proj.win32\Debug.win32\SlotData.obj
E:\javawork\TqAndroid\TQ_JINHUA\TqJinhua\libs\extensions\proj.win32\Debug.win32\spine-cocos2dx.obj
E:\javawork\TqAndroid\TQ_JINHUA\TqJinhua\libs\extensions\proj.win32\Debug.win32\UIButton.obj
E:\javawork\TqAndroid\TQ_JINHUA\TqJinhua\libs\extensions\proj.win32\Debug.win32\UICheckBox.obj
E:\javawork\TqAndroid\TQ_JINHUA\TqJinhua\libs\extensions\proj.win32\Debug.win32\UIHelper.obj
E:\javawork\TqAndroid\TQ_JINHUA\TqJinhua\libs\extensions\proj.win32\Debug.win32\UIImageView.obj
E:\javawork\TqAndroid\TQ_JINHUA\TqJinhua\libs\extensions\proj.win32\Debug.win32\UIInputManager.obj
E:\javawork\TqAndroid\TQ_JINHUA\TqJinhua\libs\extensions\proj.win32\Debug.win32\UILabel.obj
E:\javawork\TqAndroid\TQ_JINHUA\TqJinhua\libs\extensions\proj.win32\Debug.win32\UILabelAtlas.obj
E:\javawork\TqAndroid\TQ_JINHUA\TqJinhua\libs\extensions\proj.win32\Debug.win32\UILabelBMFont.obj
E:\javawork\TqAndroid\TQ_JINHUA\TqJinhua\libs\extensions\proj.win32\Debug.win32\UILayer.obj
E:\javawork\TqAndroid\TQ_JINHUA\TqJinhua\libs\extensions\proj.win32\Debug.win32\UILayout.obj
E:\javawork\TqAndroid\TQ_JINHUA\TqJinhua\libs\extensions\proj.win32\Debug.win32\UILayoutDefine.obj
E:\javawork\TqAndroid\TQ_JINHUA\TqJinhua\libs\extensions\proj.win32\Debug.win32\UILayoutParameter.obj
E:\javawork\TqAndroid\TQ_JINHUA\TqJinhua\libs\extensions\proj.win32\Debug.win32\UIListView.obj
E:\javawork\TqAndroid\TQ_JINHUA\TqJinhua\libs\extensions\proj.win32\Debug.win32\UIListViewEx.obj
E:\javawork\TqAndroid\TQ_JINHUA\TqJinhua\libs\extensions\proj.win32\Debug.win32\UILoadingBar.obj
E:\javawork\TqAndroid\TQ_JINHUA\TqJinhua\libs\extensions\proj.win32\Debug.win32\UIPageView.obj
E:\javawork\TqAndroid\TQ_JINHUA\TqJinhua\libs\extensions\proj.win32\Debug.win32\UIRootWidget.obj
E:\javawork\TqAndroid\TQ_JINHUA\TqJinhua\libs\extensions\proj.win32\Debug.win32\UIScrollView.obj
E:\javawork\TqAndroid\TQ_JINHUA\TqJinhua\libs\extensions\proj.win32\Debug.win32\UISlider.obj
E:\javawork\TqAndroid\TQ_JINHUA\TqJinhua\libs\extensions\proj.win32\Debug.win32\UISwitch.obj
E:\javawork\TqAndroid\TQ_JINHUA\TqJinhua\libs\extensions\proj.win32\Debug.win32\UITextField.obj
E:\javawork\TqAndroid\TQ_JINHUA\TqJinhua\libs\extensions\proj.win32\Debug.win32\UIWidget.obj
E:\javawork\TqAndroid\TQ_JINHUA\TqJinhua\libs\extensions\proj.win32\Debug.win32\Win32InputBox.obj
E:\javawork\TqAndroid\TQ_JINHUA\TqJinhua\libs\extensions\proj.win32\Debug.win32\cl.command.1.tlog
E:\javawork\TqAndroid\TQ_JINHUA\TqJinhua\libs\extensions\proj.win32\Debug.win32\CL.read.1.tlog
E:\javawork\TqAndroid\TQ_JINHUA\TqJinhua\libs\extensions\proj.win32\Debug.win32\CL.write.1.tlog
E:\javawork\TqAndroid\TQ_JINHUA\TqJinhua\libs\extensions\proj.win32\Debug.win32\Lib-link.read.1.tlog
E:\javawork\TqAndroid\TQ_JINHUA\TqJinhua\libs\extensions\proj.win32\Debug.win32\Lib-link.write.1.tlog
E:\javawork\TqAndroid\TQ_JINHUA\TqJinhua\libs\extensions\proj.win32\Debug.win32\lib.command.1.tlog
E:\javawork\TqAndroid\TQ_JINHUA\TqJinhua\libs\extensions\proj.win32\Debug.win32\vc110.idb
E:\javawork\TqAndroid\TQ_JINHUA\TqJinhua\libs\extensions\proj.win32\Debug.win32\vc110.pdb
E:\javawork\TqAndroid\TQ_JINHUA\TqJinhua\project\proj.win32\Debug.win32\libExtensions.lib
